<?xml version="1.0" encoding="UTF-8"?>
<testsuite name="au.com.fx.converter.factory.RateConversionHandlerFactoryImplSpec" tests="5" skipped="0" failures="0" errors="0" timestamp="2017-05-08T04:12:23" hostname="Senthurs-MacBook-Pro.local" time="0.154">
  <properties/>
  <testcase name="getConversionHandler, should return null, when the passed conversion type is null" classname="au.com.fx.converter.factory.RateConversionHandlerFactoryImplSpec" time="0.12"/>
  <testcase name="getConversionHandler, should return the au.com.fx.converter.handler.CrossRateConversionHandlerImpl, when the passed parameter is CROSSCURRENCY" classname="au.com.fx.converter.factory.RateConversionHandlerFactoryImplSpec" time="0.001"/>
  <testcase name="getConversionHandler, should return the au.com.fx.converter.handler.DirectRateConversionHandlerImpl, when the passed parameter is DIRECT" classname="au.com.fx.converter.factory.RateConversionHandlerFactoryImplSpec" time="0.0"/>
  <testcase name="getConversionHandler, should return the au.com.fx.converter.handler.UnityRateConversionHandlerImpl, when the passed parameter is UNITY" classname="au.com.fx.converter.factory.RateConversionHandlerFactoryImplSpec" time="0.0"/>
  <testcase name="getConversionHandler, should return the au.com.fx.converter.handler.InvertRateConversionHandlerImpl, when the passed parameter is INVERSE" classname="au.com.fx.converter.factory.RateConversionHandlerFactoryImplSpec" time="0.0"/>
  <system-out><![CDATA[]]></system-out>
  <system-err><![CDATA[]]></system-err>
</testsuite>
