<?xml version="1.0" encoding="UTF-8"?>
<testsuite name="au.com.fx.converter.factory.RateConversionHandlerFactorySpec" tests="1" skipped="0" failures="1" errors="0" timestamp="2017-05-06T13:34:38" hostname="Senthurs-MacBook-Pro.local" time="0.137">
  <properties/>
  <testcase name="rateConversionHandlerFactory, instance should not be null" classname="au.com.fx.converter.factory.RateConversionHandlerFactorySpec" time="0.137">
    <failure message="Condition not satisfied:&#10;&#10;rateConversionHandlerFactory&#10;|&#10;null&#10;" type="org.spockframework.runtime.ConditionNotSatisfiedError">Condition not satisfied:

rateConversionHandlerFactory
|
null

	at au.com.fx.converter.factory.RateConversionHandlerFactorySpec.rateConversionHandlerFactory, instance should not be null(RateConversionHandlerFactorySpec.groovy:18)
</failure>
  </testcase>
  <system-out><![CDATA[]]></system-out>
  <system-err><![CDATA[]]></system-err>
</testsuite>
